<?xml version="1.0" encoding="UTF-8"?>
<!-- Generated by org.testng.reporters.JUnitReportReporter -->
<testsuite skipped="0" hostname="LAPTOP-VHE2P4JN" name="com.qa.tests.SupportDocPageTest" tests="4" failures="0" timestamp="2021-04-25T22:04:20 IST" time="55.472" errors="0">
  <testcase name="validateIntegrationDocUrl" time="16.065" classname="com.qa.tests.SupportDocPageTest"/>
  <system-out/>
  <testcase name="validateIntegrationDocUrl" time="14.493" classname="com.qa.tests.SupportDocPageTest"/>
  <system-out/>
  <testcase name="validateIntegrationDocUrl" time="9.937" classname="com.qa.tests.SupportDocPageTest"/>
  <system-out/>
  <testcase name="validateIntegrationDocUrl" time="14.977" classname="com.qa.tests.SupportDocPageTest"/>
  <system-out/>
</testsuite> <!-- com.qa.tests.SupportDocPageTest -->
