<?xml version="1.0" encoding="UTF-8"?>
<!-- Generated by org.testng.reporters.JUnitReportReporter -->
<testsuite skipped="0" hostname="LAPTOP-VHE2P4JN" name="com.qa.tests.NewsletterPageTest" tests="4" failures="0" timestamp="2021-04-25T22:04:20 IST" time="28.168" errors="0">
  <testcase name="validateLetMeReadItFirstLink" time="6.391" classname="com.qa.tests.NewsletterPageTest"/>
  <system-out/>
  <testcase name="validateLetMeReadItFirstLink" time="8.073" classname="com.qa.tests.NewsletterPageTest"/>
  <system-out/>
  <testcase name="validateLetMeReadItFirstLink" time="6.682" classname="com.qa.tests.NewsletterPageTest"/>
  <system-out/>
  <testcase name="validateLetMeReadItFirstLink" time="7.022" classname="com.qa.tests.NewsletterPageTest"/>
  <system-out/>
</testsuite> <!-- com.qa.tests.NewsletterPageTest -->
