<?xml version="1.0" encoding="UTF-8"?>
<!-- Generated by org.testng.reporters.JUnitReportReporter -->
<testsuite skipped="0" hostname="LAPTOP-VHE2P4JN" name="com.qa.tests.HomePageTest" tests="4" failures="0" timestamp="2021-04-25T22:04:20 IST" time="4.618" errors="0">
  <testcase name="valdiateStartTestingBtnOnHomePage" time="1.246" classname="com.qa.tests.HomePageTest"/>
  <system-out/>
  <testcase name="valdiateStartTestingBtnOnHomePage" time="1.116" classname="com.qa.tests.HomePageTest"/>
  <system-out/>
  <testcase name="valdiateStartTestingBtnOnHomePage" time="1.225" classname="com.qa.tests.HomePageTest"/>
  <system-out/>
  <testcase name="valdiateStartTestingBtnOnHomePage" time="1.031" classname="com.qa.tests.HomePageTest"/>
  <system-out/>
</testsuite> <!-- com.qa.tests.HomePageTest -->
